<?xml version="1.0" encoding="UTF-8"?>
<!-- Generated by org.testng.reporters.JUnitReportReporter -->
<testsuite hostname="DESKTOP-2HBQUQ9" failures="0" tests="5" name="com.facebook.Runner_Class" time="32.553" errors="0" timestamp="2022-10-02T18:57:57 IST" skipped="0">
  <testcase classname="com.facebook.Runner_Class" name="urlLaunch" time="9.231"/>
  <system-out/>
  <testcase classname="com.facebook.Runner_Class" name="logIn" time="0.803"/>
  <system-out/>
  <testcase classname="com.facebook.Runner_Class" name="takeScreenshot" time="7.535"/>
  <system-out/>
  <testcase classname="com.facebook.Runner_Class" name="backToPage" time="0.751"/>
  <system-out/>
  <testcase classname="com.facebook.Runner_Class" name="create_Account" time="14.233"/>
  <system-out/>
</testsuite> <!-- com.facebook.Runner_Class -->
